<?xml version="1.0" encoding="UTF-8"?>
<!-- Generated by org.testng.reporters.JUnitXMLReporter -->
<testsuite ignored="2" hostname="SouravPC" failures="0" tests="0" time="5.192" errors="0" timestamp="2023-11-27T01:10:46 IST">
  <testcase classname="Amazon.AmazonWebUITestProject.test.ErrorValidationTest" name="wrongPasswordTest" time="0.0">
    <ignored/>
  </testcase> <!-- wrongPasswordTest -->
  <testcase classname="Amazon.AmazonWebUITestProject.test.ErrorValidationTest" name="wrongUserIdTest" time="0.0">
    <ignored/>
  </testcase> <!-- wrongUserIdTest -->
</testsuite>
