<?xml version="1.0" encoding="UTF-8"?>
<!-- Generated by org.testng.reporters.JUnitXMLReporter -->
<testsuite ignored="2" hostname="SouravPC" failures="0" tests="1" name="LoginToOrderTest" time="11.088" errors="0" timestamp="2024-01-28T20:25:25 IST">
  <testcase classname="Amazon.AmazonWebUITestProject.test.LoginToOrderTest" name="validateCartItemsTest" time="5.187"/>
  <testcase classname="Amazon.AmazonWebUITestProject.test.LoginToOrderTest" name="validateOrders" time="0.0">
    <ignored/>
  </testcase> <!-- validateOrders -->
  <testcase classname="Amazon.AmazonWebUITestProject.test.LoginToOrderTest" name="validatePlaceOrderTest" time="0.0">
    <ignored/>
  </testcase> <!-- validatePlaceOrderTest -->
</testsuite> <!-- LoginToOrderTest -->
