<?xml version="1.0" encoding="UTF-8"?>
<testsuite xmlns:xsi="http://www.w3.org/2001/XMLSchema-instance" xsi:noNamespaceSchemaLocation="https://maven.apache.org/surefire/maven-surefire-plugin/xsd/surefire-test-report.xsd" name="TestSuite" time="18.695" tests="7" errors="0" skipped="2" failures="3">
  <properties>
[...]
</properties>
  <testcase name="wrongPasswordTest" classname="Amazon.AmazonWebUITestProject.test.ErrorValidationTest" time="0.993"/>
  <testcase name="wrongUserIdTest" classname="Amazon.AmazonWebUITestProject.test.ErrorValidationTest" time="1.515"/>
  <testcase name="validateCartItemsTest" classname="Amazon.AmazonWebUITestProject.test.LoginToOrderTest" time="5.304">
    <failure message="Cannot invoke &quot;org.openqa.selenium.WebElement.findElement(org.openqa.selenium.By)&quot; because &quot;prod&quot; is null" type="java.lang.NullPointerException">java.lang.NullPointerException: Cannot invoke "org.openqa.selenium.WebElement.findElement(org.openqa.selenium.By)" because "prod" is null
	at Amazon.AmazonWebUITestProject.test.LoginToOrderTest.validateCartItemsTest(LoginToOrderTest.java:66)
</failure>
    <system-out><![CDATA[chrome
[india, adidas original, dlt me]
[adidas original, dlt me]
]]></system-out>
    <system-err><![CDATA[Jan 30, 2024 1:54:17 AM org.openqa.selenium.devtools.CdpVersionFinder findNearestMatch
WARNING: Unable to find an exact match for CDP version 121, returning the closest version; found: 119; Please update to a Selenium version that supports CDP version 121
ERROR StatusLogger Log4j2 could not find a logging implementation. Please add log4j-core to the classpath. Using SimpleLogger to log to the console...
]]></system-err>
  </testcase>
  <testcase name="validatePlaceOrderTest" classname="Amazon.AmazonWebUITestProject.test.LoginToOrderTest" time="0">
    <skipped message="Method Amazon.AmazonWebUITestProject.test.LoginToOrderTest.validatePlaceOrderTest() on instance Amazon.AmazonWebUITestProject.test.LoginToOrderTest@3b07a0d6 depends on not successfully finished methods &#10;[Amazon.AmazonWebUITestProject.test.LoginToOrderTest.validateCartItemsTest() on instance Amazon.AmazonWebUITestProject.test.LoginToOrderTest@3b07a0d6]"/>
  </testcase>
  <testcase name="validateOrders" classname="Amazon.AmazonWebUITestProject.test.LoginToOrderTest" time="0">
    <skipped message="Method Amazon.AmazonWebUITestProject.test.LoginToOrderTest.validateOrders() on instance Amazon.AmazonWebUITestProject.test.LoginToOrderTest@3b07a0d6 depends on not successfully finished methods &#10;[Amazon.AmazonWebUITestProject.test.LoginToOrderTest.validatePlaceOrderTest() on instance Amazon.AmazonWebUITestProject.test.LoginToOrderTest@3b07a0d6]"/>
  </testcase>
  <testcase name="main" classname="Amazon.AmazonWebUITestProject.test.StandAloneTest" time="1.031">
    <failure message="Could not start a new session. Response code 500. Message: session not created: This version of ChromeDriver only supports Chrome version 119&#10;Current browser version is 121.0.6167.85 with binary path C:\Program Files\Google\Chrome\Application\chrome.exe &#10;Host info: host: &apos;SOURAVPC&apos;, ip: &apos;192.168.0.201&apos;&#10;Build info: version: &apos;4.15.0&apos;, revision: &apos;1d14b5521b&apos;&#10;System info: os.name: &apos;Windows 11&apos;, os.arch: &apos;amd64&apos;, os.version: &apos;10.0&apos;, java.version: &apos;17.0.2&apos;&#10;Driver info: org.openqa.selenium.chrome.ChromeDriver&#10;Command: [null, newSession {capabilities=[Capabilities {browserName: chrome, goog:chromeOptions: {args: [], extensions: []}}]}]" type="org.openqa.selenium.SessionNotCreatedException">org.openqa.selenium.SessionNotCreatedException: 
Could not start a new session. Response code 500. Message: session not created: This version of ChromeDriver only supports Chrome version 119
Current browser version is 121.0.6167.85 with binary path C:\Program Files\Google\Chrome\Application\chrome.exe 
Host info: host: 'SOURAVPC', ip: '192.168.0.201'
Build info: version: '4.15.0', revision: '1d14b5521b'
System info: os.name: 'Windows 11', os.arch: 'amd64', os.version: '10.0', java.version: '17.0.2'
Driver info: org.openqa.selenium.chrome.ChromeDriver
Command: [null, newSession {capabilities=[Capabilities {browserName: chrome, goog:chromeOptions: {args: [], extensions: []}}]}]
	at Amazon.AmazonWebUITestProject.test.StandAloneTest.main(StandAloneTest.java:57)
</failure>
  </testcase>
  <testcase name="main" classname="Amazon.AmazonWebUITestProject.test.StandAloneTest" time="0.83">
    <failure message="Could not start a new session. Response code 500. Message: session not created: This version of ChromeDriver only supports Chrome version 119&#10;Current browser version is 121.0.6167.85 with binary path C:\Program Files\Google\Chrome\Application\chrome.exe &#10;Host info: host: &apos;SOURAVPC&apos;, ip: &apos;192.168.0.201&apos;&#10;Build info: version: &apos;4.15.0&apos;, revision: &apos;1d14b5521b&apos;&#10;System info: os.name: &apos;Windows 11&apos;, os.arch: &apos;amd64&apos;, os.version: &apos;10.0&apos;, java.version: &apos;17.0.2&apos;&#10;Driver info: org.openqa.selenium.chrome.ChromeDriver&#10;Command: [null, newSession {capabilities=[Capabilities {browserName: chrome, goog:chromeOptions: {args: [], extensions: []}}]}]" type="org.openqa.selenium.SessionNotCreatedException">org.openqa.selenium.SessionNotCreatedException: 
Could not start a new session. Response code 500. Message: session not created: This version of ChromeDriver only supports Chrome version 119
Current browser version is 121.0.6167.85 with binary path C:\Program Files\Google\Chrome\Application\chrome.exe 
Host info: host: 'SOURAVPC', ip: '192.168.0.201'
Build info: version: '4.15.0', revision: '1d14b5521b'
System info: os.name: 'Windows 11', os.arch: 'amd64', os.version: '10.0', java.version: '17.0.2'
Driver info: org.openqa.selenium.chrome.ChromeDriver
Command: [null, newSession {capabilities=[Capabilities {browserName: chrome, goog:chromeOptions: {args: [], extensions: []}}]}]
	at Amazon.AmazonWebUITestProject.test.StandAloneTest.main(StandAloneTest.java:57)
</failure>
  </testcase>
</testsuite>