<?xml version="1.0" encoding="UTF-8"?>
<!-- Generated by org.testng.reporters.JUnitXMLReporter -->
<testsuite ignored="0" hostname="SouravPC" failures="0" tests="2" name="ErrorValidationTest_" time="8.419" errors="0" timestamp="2024-01-30T02:47:45 IST">
  <testcase classname="Amazon.AmazonWebUITestProject.test.ErrorValidationTest" name="wrongPasswordTest" time="1.526"/>
  <testcase classname="Amazon.AmazonWebUITestProject.test.ErrorValidationTest" name="wrongUserIdTest" time="1.034"/>
</testsuite> <!-- ErrorValidationTest_ -->
