<?xml version="1.0" encoding="UTF-8"?>
<!-- Generated by org.testng.reporters.JUnitXMLReporter -->
<testsuite ignored="1" hostname="SouravPC" failures="0" tests="2" name="LoginToOrderTest" time="12.022" errors="0" timestamp="2024-01-30T02:47:49 IST">
  <testcase classname="Amazon.AmazonWebUITestProject.test.LoginToOrderTest" name="validateCartItemsTest" time="5.411"/>
  <testcase classname="Amazon.AmazonWebUITestProject.test.LoginToOrderTest" name="validatePlaceOrderTest" time="2.102"/>
  <testcase classname="Amazon.AmazonWebUITestProject.test.LoginToOrderTest" name="validateOrders" time="0.0">
    <ignored/>
  </testcase> <!-- validateOrders -->
</testsuite> <!-- LoginToOrderTest -->
